[1588793844.201505] [p9r1n02:87644:0]         mxm.c:196  MXM  WARN  The 'ulimit -s' on the system is set to 'unlimited'. This may have negative performance implications. Please set the stack size to the default value (10240) 
[1588793844.222159] [p9r1n02:87644:0]         mxm.c:196  MXM  WARN  The 'ulimit -s' on the system is set to 'unlimited'. This may have negative performance implications. Please set the stack size to the default value (10240) 
Using Keras version 2.2.4
Apple A: 100
Apple C: 100
Apple D: 100
Apple E: 100
Apple F: 100
Banana: 100
Carambola: 100
Guava A: 100
Guava B: 100
Kiwi A: 100
Kiwi B: 100
Kiwi C: 100
Mango: 100
Muskmelon: 100
Orange: 100
Peach: 100
Pear: 100
Persimmon: 100
Pitaya: 100
Plum: 100
Pomegranate: 100
Tomatoes: 100
{0, 1, 2, 3, 4, 5, 6, 7, 8, 9, 10, 11, 12, 13, 14, 15, 16, 17, 18, 19, 20, 21}
{0: 1.0, 1: 1.0, 2: 1.0, 3: 1.0, 4: 1.0, 5: 1.0, 6: 1.0, 7: 1.0, 8: 1.0, 9: 1.0, 10: 1.0, 11: 1.0, 12: 1.0, 13: 1.0, 14: 1.0, 15: 1.0, 16: 1.0, 17: 1.0, 18: 1.0, 19: 1.0, 20: 1.0, 21: 1.0}
Training size: 1782 1782
Test size: 220 220
Validation size: 198 198
num classes: 22
Number of layers in the trained model: 175
__________________________________________________________________________________________________
Layer (type)                    Output Shape         Param #     Connected to                     
==================================================================================================
input_1 (InputLayer)            (None, 224, 224, 3)  0                                            
__________________________________________________________________________________________________
conv1_pad (ZeroPadding2D)       (None, 230, 230, 3)  0           input_1[0][0]                    
__________________________________________________________________________________________________
conv1 (Conv2D)                  (None, 112, 112, 64) 9472        conv1_pad[0][0]                  
__________________________________________________________________________________________________
bn_conv1 (BatchNormalization)   (None, 112, 112, 64) 256         conv1[0][0]                      
__________________________________________________________________________________________________
activation_1 (Activation)       (None, 112, 112, 64) 0           bn_conv1[0][0]                   
__________________________________________________________________________________________________
pool1_pad (ZeroPadding2D)       (None, 114, 114, 64) 0           activation_1[0][0]               
__________________________________________________________________________________________________
max_pooling2d_1 (MaxPooling2D)  (None, 56, 56, 64)   0           pool1_pad[0][0]                  
__________________________________________________________________________________________________
res2a_branch2a (Conv2D)         (None, 56, 56, 64)   4160        max_pooling2d_1[0][0]            
__________________________________________________________________________________________________
bn2a_branch2a (BatchNormalizati (None, 56, 56, 64)   256         res2a_branch2a[0][0]             
__________________________________________________________________________________________________
activation_2 (Activation)       (None, 56, 56, 64)   0           bn2a_branch2a[0][0]              
__________________________________________________________________________________________________
res2a_branch2b (Conv2D)         (None, 56, 56, 64)   36928       activation_2[0][0]               
__________________________________________________________________________________________________
bn2a_branch2b (BatchNormalizati (None, 56, 56, 64)   256         res2a_branch2b[0][0]             
__________________________________________________________________________________________________
activation_3 (Activation)       (None, 56, 56, 64)   0           bn2a_branch2b[0][0]              
__________________________________________________________________________________________________
res2a_branch2c (Conv2D)         (None, 56, 56, 256)  16640       activation_3[0][0]               
__________________________________________________________________________________________________
res2a_branch1 (Conv2D)          (None, 56, 56, 256)  16640       max_pooling2d_1[0][0]            
__________________________________________________________________________________________________
bn2a_branch2c (BatchNormalizati (None, 56, 56, 256)  1024        res2a_branch2c[0][0]             
__________________________________________________________________________________________________
bn2a_branch1 (BatchNormalizatio (None, 56, 56, 256)  1024        res2a_branch1[0][0]              
__________________________________________________________________________________________________
add_1 (Add)                     (None, 56, 56, 256)  0           bn2a_branch2c[0][0]              
                                                                 bn2a_branch1[0][0]               
__________________________________________________________________________________________________
activation_4 (Activation)       (None, 56, 56, 256)  0           add_1[0][0]                      
__________________________________________________________________________________________________
res2b_branch2a (Conv2D)         (None, 56, 56, 64)   16448       activation_4[0][0]               
__________________________________________________________________________________________________
bn2b_branch2a (BatchNormalizati (None, 56, 56, 64)   256         res2b_branch2a[0][0]             
__________________________________________________________________________________________________
activation_5 (Activation)       (None, 56, 56, 64)   0           bn2b_branch2a[0][0]              
__________________________________________________________________________________________________
res2b_branch2b (Conv2D)         (None, 56, 56, 64)   36928       activation_5[0][0]               
__________________________________________________________________________________________________
bn2b_branch2b (BatchNormalizati (None, 56, 56, 64)   256         res2b_branch2b[0][0]             
__________________________________________________________________________________________________
activation_6 (Activation)       (None, 56, 56, 64)   0           bn2b_branch2b[0][0]              
__________________________________________________________________________________________________
res2b_branch2c (Conv2D)         (None, 56, 56, 256)  16640       activation_6[0][0]               
__________________________________________________________________________________________________
bn2b_branch2c (BatchNormalizati (None, 56, 56, 256)  1024        res2b_branch2c[0][0]             
__________________________________________________________________________________________________
add_2 (Add)                     (None, 56, 56, 256)  0           bn2b_branch2c[0][0]              
                                                                 activation_4[0][0]               
__________________________________________________________________________________________________
activation_7 (Activation)       (None, 56, 56, 256)  0           add_2[0][0]                      
__________________________________________________________________________________________________
res2c_branch2a (Conv2D)         (None, 56, 56, 64)   16448       activation_7[0][0]               
__________________________________________________________________________________________________
bn2c_branch2a (BatchNormalizati (None, 56, 56, 64)   256         res2c_branch2a[0][0]             
__________________________________________________________________________________________________
activation_8 (Activation)       (None, 56, 56, 64)   0           bn2c_branch2a[0][0]              
__________________________________________________________________________________________________
res2c_branch2b (Conv2D)         (None, 56, 56, 64)   36928       activation_8[0][0]               
__________________________________________________________________________________________________
bn2c_branch2b (BatchNormalizati (None, 56, 56, 64)   256         res2c_branch2b[0][0]             
__________________________________________________________________________________________________
activation_9 (Activation)       (None, 56, 56, 64)   0           bn2c_branch2b[0][0]              
__________________________________________________________________________________________________
res2c_branch2c (Conv2D)         (None, 56, 56, 256)  16640       activation_9[0][0]               
__________________________________________________________________________________________________
bn2c_branch2c (BatchNormalizati (None, 56, 56, 256)  1024        res2c_branch2c[0][0]             
__________________________________________________________________________________________________
add_3 (Add)                     (None, 56, 56, 256)  0           bn2c_branch2c[0][0]              
                                                                 activation_7[0][0]               
__________________________________________________________________________________________________
activation_10 (Activation)      (None, 56, 56, 256)  0           add_3[0][0]                      
__________________________________________________________________________________________________
res3a_branch2a (Conv2D)         (None, 28, 28, 128)  32896       activation_10[0][0]              
__________________________________________________________________________________________________
bn3a_branch2a (BatchNormalizati (None, 28, 28, 128)  512         res3a_branch2a[0][0]             
__________________________________________________________________________________________________
activation_11 (Activation)      (None, 28, 28, 128)  0           bn3a_branch2a[0][0]              
__________________________________________________________________________________________________
res3a_branch2b (Conv2D)         (None, 28, 28, 128)  147584      activation_11[0][0]              
__________________________________________________________________________________________________
bn3a_branch2b (BatchNormalizati (None, 28, 28, 128)  512         res3a_branch2b[0][0]             
__________________________________________________________________________________________________
activation_12 (Activation)      (None, 28, 28, 128)  0           bn3a_branch2b[0][0]              
__________________________________________________________________________________________________
res3a_branch2c (Conv2D)         (None, 28, 28, 512)  66048       activation_12[0][0]              
__________________________________________________________________________________________________
res3a_branch1 (Conv2D)          (None, 28, 28, 512)  131584      activation_10[0][0]              
__________________________________________________________________________________________________
bn3a_branch2c (BatchNormalizati (None, 28, 28, 512)  2048        res3a_branch2c[0][0]             
__________________________________________________________________________________________________
bn3a_branch1 (BatchNormalizatio (None, 28, 28, 512)  2048        res3a_branch1[0][0]              
__________________________________________________________________________________________________
add_4 (Add)                     (None, 28, 28, 512)  0           bn3a_branch2c[0][0]              
                                                                 bn3a_branch1[0][0]               
__________________________________________________________________________________________________
activation_13 (Activation)      (None, 28, 28, 512)  0           add_4[0][0]                      
__________________________________________________________________________________________________
res3b_branch2a (Conv2D)         (None, 28, 28, 128)  65664       activation_13[0][0]              
__________________________________________________________________________________________________
bn3b_branch2a (BatchNormalizati (None, 28, 28, 128)  512         res3b_branch2a[0][0]             
__________________________________________________________________________________________________
activation_14 (Activation)      (None, 28, 28, 128)  0           bn3b_branch2a[0][0]              
__________________________________________________________________________________________________
res3b_branch2b (Conv2D)         (None, 28, 28, 128)  147584      activation_14[0][0]              
__________________________________________________________________________________________________
bn3b_branch2b (BatchNormalizati (None, 28, 28, 128)  512         res3b_branch2b[0][0]             
__________________________________________________________________________________________________
activation_15 (Activation)      (None, 28, 28, 128)  0           bn3b_branch2b[0][0]              
__________________________________________________________________________________________________
res3b_branch2c (Conv2D)         (None, 28, 28, 512)  66048       activation_15[0][0]              
__________________________________________________________________________________________________
bn3b_branch2c (BatchNormalizati (None, 28, 28, 512)  2048        res3b_branch2c[0][0]             
__________________________________________________________________________________________________
add_5 (Add)                     (None, 28, 28, 512)  0           bn3b_branch2c[0][0]              
                                                                 activation_13[0][0]              
__________________________________________________________________________________________________
activation_16 (Activation)      (None, 28, 28, 512)  0           add_5[0][0]                      
__________________________________________________________________________________________________
res3c_branch2a (Conv2D)         (None, 28, 28, 128)  65664       activation_16[0][0]              
__________________________________________________________________________________________________
bn3c_branch2a (BatchNormalizati (None, 28, 28, 128)  512         res3c_branch2a[0][0]             
__________________________________________________________________________________________________
activation_17 (Activation)      (None, 28, 28, 128)  0           bn3c_branch2a[0][0]              
__________________________________________________________________________________________________
res3c_branch2b (Conv2D)         (None, 28, 28, 128)  147584      activation_17[0][0]              
__________________________________________________________________________________________________
bn3c_branch2b (BatchNormalizati (None, 28, 28, 128)  512         res3c_branch2b[0][0]             
__________________________________________________________________________________________________
activation_18 (Activation)      (None, 28, 28, 128)  0           bn3c_branch2b[0][0]              
__________________________________________________________________________________________________
res3c_branch2c (Conv2D)         (None, 28, 28, 512)  66048       activation_18[0][0]              
__________________________________________________________________________________________________
bn3c_branch2c (BatchNormalizati (None, 28, 28, 512)  2048        res3c_branch2c[0][0]             
__________________________________________________________________________________________________
add_6 (Add)                     (None, 28, 28, 512)  0           bn3c_branch2c[0][0]              
                                                                 activation_16[0][0]              
__________________________________________________________________________________________________
activation_19 (Activation)      (None, 28, 28, 512)  0           add_6[0][0]                      
__________________________________________________________________________________________________
res3d_branch2a (Conv2D)         (None, 28, 28, 128)  65664       activation_19[0][0]              
__________________________________________________________________________________________________
bn3d_branch2a (BatchNormalizati (None, 28, 28, 128)  512         res3d_branch2a[0][0]             
__________________________________________________________________________________________________
activation_20 (Activation)      (None, 28, 28, 128)  0           bn3d_branch2a[0][0]              
__________________________________________________________________________________________________
res3d_branch2b (Conv2D)         (None, 28, 28, 128)  147584      activation_20[0][0]              
__________________________________________________________________________________________________
bn3d_branch2b (BatchNormalizati (None, 28, 28, 128)  512         res3d_branch2b[0][0]             
__________________________________________________________________________________________________
activation_21 (Activation)      (None, 28, 28, 128)  0           bn3d_branch2b[0][0]              
__________________________________________________________________________________________________
res3d_branch2c (Conv2D)         (None, 28, 28, 512)  66048       activation_21[0][0]              
__________________________________________________________________________________________________
bn3d_branch2c (BatchNormalizati (None, 28, 28, 512)  2048        res3d_branch2c[0][0]             
__________________________________________________________________________________________________
add_7 (Add)                     (None, 28, 28, 512)  0           bn3d_branch2c[0][0]              
                                                                 activation_19[0][0]              
__________________________________________________________________________________________________
activation_22 (Activation)      (None, 28, 28, 512)  0           add_7[0][0]                      
__________________________________________________________________________________________________
res4a_branch2a (Conv2D)         (None, 14, 14, 256)  131328      activation_22[0][0]              
__________________________________________________________________________________________________
bn4a_branch2a (BatchNormalizati (None, 14, 14, 256)  1024        res4a_branch2a[0][0]             
__________________________________________________________________________________________________
activation_23 (Activation)      (None, 14, 14, 256)  0           bn4a_branch2a[0][0]              
__________________________________________________________________________________________________
res4a_branch2b (Conv2D)         (None, 14, 14, 256)  590080      activation_23[0][0]              
__________________________________________________________________________________________________
bn4a_branch2b (BatchNormalizati (None, 14, 14, 256)  1024        res4a_branch2b[0][0]             
__________________________________________________________________________________________________
activation_24 (Activation)      (None, 14, 14, 256)  0           bn4a_branch2b[0][0]              
__________________________________________________________________________________________________
res4a_branch2c (Conv2D)         (None, 14, 14, 1024) 263168      activation_24[0][0]              
__________________________________________________________________________________________________
res4a_branch1 (Conv2D)          (None, 14, 14, 1024) 525312      activation_22[0][0]              
__________________________________________________________________________________________________
bn4a_branch2c (BatchNormalizati (None, 14, 14, 1024) 4096        res4a_branch2c[0][0]             
__________________________________________________________________________________________________
bn4a_branch1 (BatchNormalizatio (None, 14, 14, 1024) 4096        res4a_branch1[0][0]              
__________________________________________________________________________________________________
add_8 (Add)                     (None, 14, 14, 1024) 0           bn4a_branch2c[0][0]              
                                                                 bn4a_branch1[0][0]               
__________________________________________________________________________________________________
activation_25 (Activation)      (None, 14, 14, 1024) 0           add_8[0][0]                      
__________________________________________________________________________________________________
res4b_branch2a (Conv2D)         (None, 14, 14, 256)  262400      activation_25[0][0]              
__________________________________________________________________________________________________
bn4b_branch2a (BatchNormalizati (None, 14, 14, 256)  1024        res4b_branch2a[0][0]             
__________________________________________________________________________________________________
activation_26 (Activation)      (None, 14, 14, 256)  0           bn4b_branch2a[0][0]              
__________________________________________________________________________________________________
res4b_branch2b (Conv2D)         (None, 14, 14, 256)  590080      activation_26[0][0]              
__________________________________________________________________________________________________
bn4b_branch2b (BatchNormalizati (None, 14, 14, 256)  1024        res4b_branch2b[0][0]             
__________________________________________________________________________________________________
activation_27 (Activation)      (None, 14, 14, 256)  0           bn4b_branch2b[0][0]              
__________________________________________________________________________________________________
res4b_branch2c (Conv2D)         (None, 14, 14, 1024) 263168      activation_27[0][0]              
__________________________________________________________________________________________________
bn4b_branch2c (BatchNormalizati (None, 14, 14, 1024) 4096        res4b_branch2c[0][0]             
__________________________________________________________________________________________________
add_9 (Add)                     (None, 14, 14, 1024) 0           bn4b_branch2c[0][0]              
                                                                 activation_25[0][0]              
__________________________________________________________________________________________________
activation_28 (Activation)      (None, 14, 14, 1024) 0           add_9[0][0]                      
__________________________________________________________________________________________________
res4c_branch2a (Conv2D)         (None, 14, 14, 256)  262400      activation_28[0][0]              
__________________________________________________________________________________________________
bn4c_branch2a (BatchNormalizati (None, 14, 14, 256)  1024        res4c_branch2a[0][0]             
__________________________________________________________________________________________________
activation_29 (Activation)      (None, 14, 14, 256)  0           bn4c_branch2a[0][0]              
__________________________________________________________________________________________________
res4c_branch2b (Conv2D)         (None, 14, 14, 256)  590080      activation_29[0][0]              
__________________________________________________________________________________________________
bn4c_branch2b (BatchNormalizati (None, 14, 14, 256)  1024        res4c_branch2b[0][0]             
__________________________________________________________________________________________________
activation_30 (Activation)      (None, 14, 14, 256)  0           bn4c_branch2b[0][0]              
__________________________________________________________________________________________________
res4c_branch2c (Conv2D)         (None, 14, 14, 1024) 263168      activation_30[0][0]              
__________________________________________________________________________________________________
bn4c_branch2c (BatchNormalizati (None, 14, 14, 1024) 4096        res4c_branch2c[0][0]             
__________________________________________________________________________________________________
add_10 (Add)                    (None, 14, 14, 1024) 0           bn4c_branch2c[0][0]              
                                                                 activation_28[0][0]              
__________________________________________________________________________________________________
activation_31 (Activation)      (None, 14, 14, 1024) 0           add_10[0][0]                     
__________________________________________________________________________________________________
res4d_branch2a (Conv2D)         (None, 14, 14, 256)  262400      activation_31[0][0]              
__________________________________________________________________________________________________
bn4d_branch2a (BatchNormalizati (None, 14, 14, 256)  1024        res4d_branch2a[0][0]             
__________________________________________________________________________________________________
activation_32 (Activation)      (None, 14, 14, 256)  0           bn4d_branch2a[0][0]              
__________________________________________________________________________________________________
res4d_branch2b (Conv2D)         (None, 14, 14, 256)  590080      activation_32[0][0]              
__________________________________________________________________________________________________
bn4d_branch2b (BatchNormalizati (None, 14, 14, 256)  1024        res4d_branch2b[0][0]             
__________________________________________________________________________________________________
activation_33 (Activation)      (None, 14, 14, 256)  0           bn4d_branch2b[0][0]              
__________________________________________________________________________________________________
res4d_branch2c (Conv2D)         (None, 14, 14, 1024) 263168      activation_33[0][0]              
__________________________________________________________________________________________________
bn4d_branch2c (BatchNormalizati (None, 14, 14, 1024) 4096        res4d_branch2c[0][0]             
__________________________________________________________________________________________________
add_11 (Add)                    (None, 14, 14, 1024) 0           bn4d_branch2c[0][0]              
                                                                 activation_31[0][0]              
__________________________________________________________________________________________________
activation_34 (Activation)      (None, 14, 14, 1024) 0           add_11[0][0]                     
__________________________________________________________________________________________________
res4e_branch2a (Conv2D)         (None, 14, 14, 256)  262400      activation_34[0][0]              
__________________________________________________________________________________________________
bn4e_branch2a (BatchNormalizati (None, 14, 14, 256)  1024        res4e_branch2a[0][0]             
__________________________________________________________________________________________________
activation_35 (Activation)      (None, 14, 14, 256)  0           bn4e_branch2a[0][0]              
__________________________________________________________________________________________________
res4e_branch2b (Conv2D)         (None, 14, 14, 256)  590080      activation_35[0][0]              
__________________________________________________________________________________________________
bn4e_branch2b (BatchNormalizati (None, 14, 14, 256)  1024        res4e_branch2b[0][0]             
__________________________________________________________________________________________________
activation_36 (Activation)      (None, 14, 14, 256)  0           bn4e_branch2b[0][0]              
__________________________________________________________________________________________________
res4e_branch2c (Conv2D)         (None, 14, 14, 1024) 263168      activation_36[0][0]              
__________________________________________________________________________________________________
bn4e_branch2c (BatchNormalizati (None, 14, 14, 1024) 4096        res4e_branch2c[0][0]             
__________________________________________________________________________________________________
add_12 (Add)                    (None, 14, 14, 1024) 0           bn4e_branch2c[0][0]              
                                                                 activation_34[0][0]              
__________________________________________________________________________________________________
activation_37 (Activation)      (None, 14, 14, 1024) 0           add_12[0][0]                     
__________________________________________________________________________________________________
res4f_branch2a (Conv2D)         (None, 14, 14, 256)  262400      activation_37[0][0]              
__________________________________________________________________________________________________
bn4f_branch2a (BatchNormalizati (None, 14, 14, 256)  1024        res4f_branch2a[0][0]             
__________________________________________________________________________________________________
activation_38 (Activation)      (None, 14, 14, 256)  0           bn4f_branch2a[0][0]              
__________________________________________________________________________________________________
res4f_branch2b (Conv2D)         (None, 14, 14, 256)  590080      activation_38[0][0]              
__________________________________________________________________________________________________
bn4f_branch2b (BatchNormalizati (None, 14, 14, 256)  1024        res4f_branch2b[0][0]             
__________________________________________________________________________________________________
activation_39 (Activation)      (None, 14, 14, 256)  0           bn4f_branch2b[0][0]              
__________________________________________________________________________________________________
res4f_branch2c (Conv2D)         (None, 14, 14, 1024) 263168      activation_39[0][0]              
__________________________________________________________________________________________________
bn4f_branch2c (BatchNormalizati (None, 14, 14, 1024) 4096        res4f_branch2c[0][0]             
__________________________________________________________________________________________________
add_13 (Add)                    (None, 14, 14, 1024) 0           bn4f_branch2c[0][0]              
                                                                 activation_37[0][0]              
__________________________________________________________________________________________________
activation_40 (Activation)      (None, 14, 14, 1024) 0           add_13[0][0]                     
__________________________________________________________________________________________________
res5a_branch2a (Conv2D)         (None, 7, 7, 512)    524800      activation_40[0][0]              
__________________________________________________________________________________________________
bn5a_branch2a (BatchNormalizati (None, 7, 7, 512)    2048        res5a_branch2a[0][0]             
__________________________________________________________________________________________________
activation_41 (Activation)      (None, 7, 7, 512)    0           bn5a_branch2a[0][0]              
__________________________________________________________________________________________________
res5a_branch2b (Conv2D)         (None, 7, 7, 512)    2359808     activation_41[0][0]              
__________________________________________________________________________________________________
bn5a_branch2b (BatchNormalizati (None, 7, 7, 512)    2048        res5a_branch2b[0][0]             
__________________________________________________________________________________________________
activation_42 (Activation)      (None, 7, 7, 512)    0           bn5a_branch2b[0][0]              
__________________________________________________________________________________________________
res5a_branch2c (Conv2D)         (None, 7, 7, 2048)   1050624     activation_42[0][0]              
__________________________________________________________________________________________________
res5a_branch1 (Conv2D)          (None, 7, 7, 2048)   2099200     activation_40[0][0]              
__________________________________________________________________________________________________
bn5a_branch2c (BatchNormalizati (None, 7, 7, 2048)   8192        res5a_branch2c[0][0]             
__________________________________________________________________________________________________
bn5a_branch1 (BatchNormalizatio (None, 7, 7, 2048)   8192        res5a_branch1[0][0]              
__________________________________________________________________________________________________
add_14 (Add)                    (None, 7, 7, 2048)   0           bn5a_branch2c[0][0]              
                                                                 bn5a_branch1[0][0]               
__________________________________________________________________________________________________
activation_43 (Activation)      (None, 7, 7, 2048)   0           add_14[0][0]                     
__________________________________________________________________________________________________
res5b_branch2a (Conv2D)         (None, 7, 7, 512)    1049088     activation_43[0][0]              
__________________________________________________________________________________________________
bn5b_branch2a (BatchNormalizati (None, 7, 7, 512)    2048        res5b_branch2a[0][0]             
__________________________________________________________________________________________________
activation_44 (Activation)      (None, 7, 7, 512)    0           bn5b_branch2a[0][0]              
__________________________________________________________________________________________________
res5b_branch2b (Conv2D)         (None, 7, 7, 512)    2359808     activation_44[0][0]              
__________________________________________________________________________________________________
bn5b_branch2b (BatchNormalizati (None, 7, 7, 512)    2048        res5b_branch2b[0][0]             
__________________________________________________________________________________________________
activation_45 (Activation)      (None, 7, 7, 512)    0           bn5b_branch2b[0][0]              
__________________________________________________________________________________________________
res5b_branch2c (Conv2D)         (None, 7, 7, 2048)   1050624     activation_45[0][0]              
__________________________________________________________________________________________________
bn5b_branch2c (BatchNormalizati (None, 7, 7, 2048)   8192        res5b_branch2c[0][0]             
__________________________________________________________________________________________________
add_15 (Add)                    (None, 7, 7, 2048)   0           bn5b_branch2c[0][0]              
                                                                 activation_43[0][0]              
__________________________________________________________________________________________________
activation_46 (Activation)      (None, 7, 7, 2048)   0           add_15[0][0]                     
__________________________________________________________________________________________________
res5c_branch2a (Conv2D)         (None, 7, 7, 512)    1049088     activation_46[0][0]              
__________________________________________________________________________________________________
bn5c_branch2a (BatchNormalizati (None, 7, 7, 512)    2048        res5c_branch2a[0][0]             
__________________________________________________________________________________________________
activation_47 (Activation)      (None, 7, 7, 512)    0           bn5c_branch2a[0][0]              
__________________________________________________________________________________________________
res5c_branch2b (Conv2D)         (None, 7, 7, 512)    2359808     activation_47[0][0]              
__________________________________________________________________________________________________
bn5c_branch2b (BatchNormalizati (None, 7, 7, 512)    2048        res5c_branch2b[0][0]             
__________________________________________________________________________________________________
activation_48 (Activation)      (None, 7, 7, 512)    0           bn5c_branch2b[0][0]              
__________________________________________________________________________________________________
res5c_branch2c (Conv2D)         (None, 7, 7, 2048)   1050624     activation_48[0][0]              
__________________________________________________________________________________________________
bn5c_branch2c (BatchNormalizati (None, 7, 7, 2048)   8192        res5c_branch2c[0][0]             
__________________________________________________________________________________________________
add_16 (Add)                    (None, 7, 7, 2048)   0           bn5c_branch2c[0][0]              
                                                                 activation_46[0][0]              
__________________________________________________________________________________________________
activation_49 (Activation)      (None, 7, 7, 2048)   0           add_16[0][0]                     
__________________________________________________________________________________________________
flatten_1 (Flatten)             (None, 100352)       0           activation_49[0][0]              
==================================================================================================
Total params: 23,587,712
Trainable params: 0
Non-trainable params: 23,587,712
__________________________________________________________________________________________________
None
(1782, 100352)
(1782,)
(1782, 22)
SVM training time (s): 40.195212841033936
Done training SVM on extracted features of training set
Done testing SVM on extracted features of test set
              precision    recall  f1-score   support

           0       1.00      1.00      1.00         8
           1       1.00      1.00      1.00        12
           2       1.00      1.00      1.00        13
           3       1.00      1.00      1.00        13
           4       0.92      1.00      0.96        12
           5       1.00      0.91      0.95        11
           6       1.00      1.00      1.00        10
           7       1.00      1.00      1.00        13
           8       1.00      1.00      1.00         7
           9       1.00      1.00      1.00        10
          10       1.00      1.00      1.00        12
          11       1.00      1.00      1.00         4
          12       0.88      0.88      0.88         8
          13       1.00      0.89      0.94         9
          14       1.00      1.00      1.00         7
          15       1.00      1.00      1.00         9
          16       1.00      1.00      1.00         9
          17       1.00      1.00      1.00        12
          18       1.00      1.00      1.00        15
          19       1.00      1.00      1.00         6
          20       0.92      1.00      0.96        11
          21       1.00      1.00      1.00         9

    accuracy                           0.99       220
   macro avg       0.99      0.99      0.99       220
weighted avg       0.99      0.99      0.99       220

[[ 8  0  0  0  0  0  0  0  0  0  0  0  0  0  0  0  0  0  0  0  0  0]
 [ 0 12  0  0  0  0  0  0  0  0  0  0  0  0  0  0  0  0  0  0  0  0]
 [ 0  0 13  0  0  0  0  0  0  0  0  0  0  0  0  0  0  0  0  0  0  0]
 [ 0  0  0 13  0  0  0  0  0  0  0  0  0  0  0  0  0  0  0  0  0  0]
 [ 0  0  0  0 12  0  0  0  0  0  0  0  0  0  0  0  0  0  0  0  0  0]
 [ 0  0  0  0  0 10  0  0  0  0  0  0  1  0  0  0  0  0  0  0  0  0]
 [ 0  0  0  0  0  0 10  0  0  0  0  0  0  0  0  0  0  0  0  0  0  0]
 [ 0  0  0  0  0  0  0 13  0  0  0  0  0  0  0  0  0  0  0  0  0  0]
 [ 0  0  0  0  0  0  0  0  7  0  0  0  0  0  0  0  0  0  0  0  0  0]
 [ 0  0  0  0  0  0  0  0  0 10  0  0  0  0  0  0  0  0  0  0  0  0]
 [ 0  0  0  0  0  0  0  0  0  0 12  0  0  0  0  0  0  0  0  0  0  0]
 [ 0  0  0  0  0  0  0  0  0  0  0  4  0  0  0  0  0  0  0  0  0  0]
 [ 0  0  0  0  0  0  0  0  0  0  0  0  7  0  0  0  0  0  0  0  1  0]
 [ 0  0  0  0  1  0  0  0  0  0  0  0  0  8  0  0  0  0  0  0  0  0]
 [ 0  0  0  0  0  0  0  0  0  0  0  0  0  0  7  0  0  0  0  0  0  0]
 [ 0  0  0  0  0  0  0  0  0  0  0  0  0  0  0  9  0  0  0  0  0  0]
 [ 0  0  0  0  0  0  0  0  0  0  0  0  0  0  0  0  9  0  0  0  0  0]
 [ 0  0  0  0  0  0  0  0  0  0  0  0  0  0  0  0  0 12  0  0  0  0]
 [ 0  0  0  0  0  0  0  0  0  0  0  0  0  0  0  0  0  0 15  0  0  0]
 [ 0  0  0  0  0  0  0  0  0  0  0  0  0  0  0  0  0  0  0  6  0  0]
 [ 0  0  0  0  0  0  0  0  0  0  0  0  0  0  0  0  0  0  0  0 11  0]
 [ 0  0  0  0  0  0  0  0  0  0  0  0  0  0  0  0  0  0  0  0  0  9]]
f1 score macro 0.9856854164590737
accuracy score 0.9863636363636363
